Running Commercialization Agent for 2026-04-06...
Saved to /Users/latentforge/Projects/latentforge-latentmas/revenue_ideas/commercialization_2026-04-06.md
Thesis updated at /Users/latentforge/Projects/latentforge-latentmas/commercialization_thesis.md

--- PREVIEW ---
# LatentForge Commercialization Intelligence — Day 3 Brief
### April 7, 2026

---

## 1. PRIMARY STRATEGIC BET

**Run the 30-day paper trading clock to completion with iron discipline, then publish a structured technical benchmark report that leads with the 5-market calibration subset (avg swarm Brier 0.0250) as the headline number — because that's the figure that will stop a quantitative researcher or fund manager cold — and use that document to open exactly three conversations: Polymarket's research team, one prediction market-adjacent fund (Mana Partners or equivalent), and one enterprise agent orchestration buyer in financial services or defense.** The 45% overall Brier improvement is the hook, but 0.0250 average Brier across resolved markets in adversarial liquid conditions is the clo
Tue Apr  7 05:45:00 PDT 2026: Attempt 1 of 3 — running /Users/latentforge/Projects/latentforge-latentmas/experiments/week1/scripts/commercialization_agent.py
Running Commercialization Agent for 2026-04-07...
Saved to /Users/latentforge/Projects/latentforge-latentmas/revenue_ideas/commercialization_2026-04-07.md
Thesis updated at /Users/latentforge/Projects/latentforge-latentmas/commercialization_thesis.md

--- PREVIEW ---
# LatentForge Commercialization Intelligence — Day 3 Brief
### April 7, 2026

---

## 1. PRIMARY STRATEGIC BET

**Run the 30-day paper trading clock to completion with iron discipline, then publish a structured technical benchmark report — not a blog post, a document that a quant at a prediction market fund or a DARPA program manager can cite — and use it to open three specific conversations before the Mac Studio arrives in June.** The number that matters most right now is not the 45% Brier improvement across 18 markets, impressive as that is. It's the 5-8 market calibration subset sitting at avg swarm Brier 0.0247. That is a number that will make a serious quantitative person stop reading and start asking questions. A 0.0247 average Brier score in real, resolved, adversarial prediction ma
Tue Apr  7 05:46:00 PDT 2026: SUCCESS on attempt 1
Wed Apr  8 05:45:05 PDT 2026: Attempt 1 of 3 — running /Users/latentforge/Projects/latentforge-latentmas/experiments/week1/scripts/commercialization_agent.py
Running Commercialization Agent for 2026-04-08...
Saved to /Users/latentforge/Projects/latentforge-latentmas/revenue_ideas/commercialization_2026-04-08.md
Thesis updated at /Users/latentforge/Projects/latentforge-latentmas/commercialization_thesis.md

--- PREVIEW ---
# LatentForge Commercialization Intelligence — Day 3 Brief
### April 8, 2026

---

## 1. PRIMARY STRATEGIC BET

**The 30-day paper trading clock is the engine. The Mac Mini M4 Pro A/B test is the proof. The technical report is the weapon.** The single highest-conviction path right now is to run the paper trading clock to completion with full methodology discipline, layer in the latent-vs-text A/B fidelity comparison the moment the M4 Pro arrives (April 9-16), and publish a structured technical report by early May that makes one specific, falsifiable claim the quant world cannot ignore: *latent vector swarms produce measurably superior probabilistic calibration on adversarial real-money markets compared to text-based ensemble methods, at 24x lower communication overhead, with every exchange
Wed Apr  8 05:46:43 PDT 2026: SUCCESS on attempt 1
Thu Apr  9 05:46:37 PDT 2026: Attempt 1 of 3 — running /Users/latentforge/Projects/latentforge-latentmas/experiments/week1/scripts/commercialization_agent.py
Thu Apr  9 06:24:58 PDT 2026: FAILED on attempt 1 (exit code 143)
Thu Apr  9 06:24:58 PDT 2026: Retrying in 300s...
Thu Apr  9 06:29:59 PDT 2026: Attempt 2 of 3 — running /Users/latentforge/Projects/latentforge-latentmas/experiments/week1/scripts/commercialization_agent.py
Running Commercialization Agent for 2026-04-09...
Saved to /Users/latentforge/Projects/latentforge-latentmas/revenue_ideas/commercialization_2026-04-09.md
Thesis updated at /Users/latentforge/Projects/latentforge-latentmas/commercialization_thesis.md

--- PREVIEW ---
# LatentForge Commercialization Intelligence — Day 3 Brief
### April 9, 2026

---

## 1. PRIMARY STRATEGIC BET

**Ship the 30-day benchmark report as a structured technical artifact by May 5, then use it to open one conversation with Polymarket's research team and one with a quant fund running prediction market strategies — with the explicit offer of a live API pilot where their analysts get read access to swarm divergence signals in real time.** The 8-market calibration subset at avg swarm Brier 0.0247 is the number that matters most this week. That's not 45% better than naive — that's operating at near-perfect calibration on real adversarial markets where sophisticated crowds are already aggregating information. When the Mac Mini M4 Pro arrives April 9-16, the A/B test between latent and
Thu Apr  9 06:31:29 PDT 2026: SUCCESS on attempt 2
Fri Apr 10 05:53:12 PDT 2026: Attempt 1 of 3 — running /Users/latentforge/Projects/latentforge-latentmas/experiments/week1/scripts/commercialization_agent.py
Running Commercialization Agent for 2026-04-10...
Saved to /Users/latentforge/Projects/latentforge-latentmas/revenue_ideas/commercialization_2026-04-10.md
Thesis updated at /Users/latentforge/Projects/latentforge-latentmas/commercialization_thesis.md

--- PREVIEW ---
# LatentForge Commercialization Intelligence — Day 3 Brief
### April 10, 2026

---

## 1. PRIMARY STRATEGIC BET

**Ship the 30-day paper trading benchmark as a structured technical report by May 5, use the AI regulation market resolution as the narrative spine, and open exactly three conversations before June: Polymarket's research team, Mana Partners (or equivalent quant-forecasting fund), and one enterprise defense or financial services buyer running multi-agent workflows.** The number that matters most right now is not the 45% Brier improvement — it's the 5-market calibration subset at avg swarm Brier 0.0247 (updated from 0.0283 — it's getting *sharper* as more markets resolve). That is an extraordinary number in adversarial liquid markets where the crowd is already doing serious inform
Fri Apr 10 07:04:21 PDT 2026: SUCCESS on attempt 1
Sat Apr 11 06:00:58 PDT 2026: Attempt 1 of 3 — running /Users/latentforge/Projects/latentforge-latentmas/experiments/week1/scripts/commercialization_agent.py
