/Users/latentforge/Library/Python/3.9/lib/python/site-packages/urllib3/__init__.py:35: NotOpenSSLWarning: urllib3 v2 only supports OpenSSL 1.1.1+, currently the 'ssl' module is compiled with 'LibreSSL 2.8.3'. See: https://github.com/urllib3/urllib3/issues/3020
  warnings.warn(
Traceback (most recent call last):
  File "/Library/Developer/CommandLineTools/Library/Frameworks/Python3.framework/Versions/3.9/lib/python3.9/pathlib.py", line 1313, in mkdir
    self._accessor.mkdir(self, mode)
FileNotFoundError: [Errno 2] No such file or directory: 'research/suggestions'

During handling of the above exception, another exception occurred:

Traceback (most recent call last):
  File "/Users/latentforge/Projects/latentforge-latentmas/experiments/week1/scripts/latent_compression_researcher.py", line 16, in <module>
    SUGGESTIONS_DIR.mkdir(parents=True, exist_ok=True)
  File "/Library/Developer/CommandLineTools/Library/Frameworks/Python3.framework/Versions/3.9/lib/python3.9/pathlib.py", line 1317, in mkdir
    self.parent.mkdir(parents=True, exist_ok=True)
  File "/Library/Developer/CommandLineTools/Library/Frameworks/Python3.framework/Versions/3.9/lib/python3.9/pathlib.py", line 1313, in mkdir
    self._accessor.mkdir(self, mode)
OSError: [Errno 30] Read-only file system: 'research'
/Users/latentforge/Library/Python/3.9/lib/python/site-packages/urllib3/__init__.py:35: NotOpenSSLWarning: urllib3 v2 only supports OpenSSL 1.1.1+, currently the 'ssl' module is compiled with 'LibreSSL 2.8.3'. See: https://github.com/urllib3/urllib3/issues/3020
  warnings.warn(
Running Latent Compression Researcher for 2026-04-06...
Saved to /Users/latentforge/Projects/latentforge-latentmas/research/suggestions/2026-04-06.md

--- PREVIEW (first 800 chars) ---
---
SUGGESTION 1
Technique: Sparse Distributed Representations (SDR) with Semantic Overlap Scoring
Field: Computational Neuroscience (Numenta / HTM Theory)
Core idea: Encode latent deltas as fixed-sparsity binary vectors where semantic similarity is directly measurable as bit-overlap (Jaccard index), mimicking how the neocortex represents concepts in overlapping sparse patterns.
Why LatentForge: Your current top-k sparsity already selects the k largest-magnitude dimensions, but it discards the *structure* of that sparsity — two deltas with identical top-128 indices but different values are treated as completely different objects downstream. SDR theory suggests that if you quantize the selected dimensions to binary (sign only, or 2-bit magnitude bucket) and enforce a *fixed* active-index bu
